{"C:\\Users\\kayig\\OneDrive\\Desktop\\Code\\MYBRANDBLAIR\\backend\\src\\config.ts": {"path":"C:\\Users\\kayig\\OneDrive\\Desktop\\Code\\MYBRANDBLAIR\\backend\\src\\config.ts","statementMap":{"0":{"start":{"line":1,"column":0},"end":{"line":1,"column":28}},"1":{"start":{"line":3,"column":0},"end":{"line":3,"column":16}}},"fnMap":{},"branchMap":{},"s":{"0":0,"1":0},"f":{},"b":{}}
,"C:\\Users\\kayig\\OneDrive\\Desktop\\Code\\MYBRANDBLAIR\\backend\\src\\index.ts": {"path":"C:\\Users\\kayig\\OneDrive\\Desktop\\Code\\MYBRANDBLAIR\\backend\\src\\index.ts","statementMap":{"0":{"start":{"line":1,"column":0},"end":{"line":1,"column":64}},"1":{"start":{"line":2,"column":0},"end":{"line":2,"column":32}},"2":{"start":{"line":3,"column":0},"end":{"line":3,"column":42}},"3":{"start":{"line":4,"column":0},"end":{"line":4,"column":27}},"4":{"start":{"line":5,"column":0},"end":{"line":5,"column":37}},"5":{"start":{"line":6,"column":0},"end":{"line":6,"column":38}},"6":{"start":{"line":7,"column":0},"end":{"line":7,"column":40}},"7":{"start":{"line":8,"column":0},"end":{"line":8,"column":32}},"8":{"start":{"line":9,"column":0},"end":{"line":9,"column":25}},"9":{"start":{"line":11,"column":0},"end":{"line":11,"column":16}},"10":{"start":{"line":13,"column":12},"end":{"line":13,"column":21}},"11":{"start":{"line":50,"column":8},"end":{"line":50,"column":11}},"12":{"start":{"line":15,"column":13},"end":{"line":15,"column":29}},"13":{"start":{"line":16,"column":20},"end":{"line":16,"column":44}},"14":{"start":{"line":18,"column":0},"end":{"line":48,"column":7}},"15":{"start":{"line":22,"column":8},"end":{"line":22,"column":45}},"16":{"start":{"line":24,"column":8},"end":{"line":24,"column":32}},"17":{"start":{"line":26,"column":8},"end":{"line":30,"column":12}},"18":{"start":{"line":32,"column":8},"end":{"line":32,"column":39}},"19":{"start":{"line":33,"column":8},"end":{"line":33,"column":36}},"20":{"start":{"line":34,"column":8},"end":{"line":34,"column":32}},"21":{"start":{"line":35,"column":8},"end":{"line":35,"column":60}},"22":{"start":{"line":36,"column":8},"end":{"line":36,"column":null}},"23":{"start":{"line":39,"column":8},"end":{"line":39,"column":32}},"24":{"start":{"line":41,"column":8},"end":{"line":43,"column":11}},"25":{"start":{"line":42,"column":12},"end":{"line":42,"column":61}},"26":{"start":{"line":46,"column":8},"end":{"line":46,"column":61}},"27":{"start":{"line":47,"column":8},"end":{"line":47,"column":24}}},"fnMap":{"0":{"name":"(anonymous_1)","decl":{"start":{"line":20,"column":10},"end":{"line":20,"column":13}},"loc":{"start":{"line":20,"column":15},"end":{"line":44,"column":5}}},"1":{"name":"(anonymous_2)","decl":{"start":{"line":41,"column":25},"end":{"line":41,"column":28}},"loc":{"start":{"line":41,"column":30},"end":{"line":43,"column":9}}},"2":{"name":"(anonymous_3)","decl":{"start":{"line":45,"column":11},"end":{"line":45,"column":16}},"loc":{"start":{"line":45,"column":19},"end":{"line":48,"column":5}}}},"branchMap":{},"s":{"0":1,"1":1,"2":1,"3":1,"4":1,"5":1,"6":1,"7":1,"8":1,"9":1,"10":1,"11":1,"12":1,"13":1,"14":1,"15":1,"16":1,"17":1,"18":1,"19":1,"20":1,"21":1,"22":1,"23":1,"24":1,"25":1,"26":0,"27":0},"f":{"0":1,"1":1,"2":0},"b":{}}
,"C:\\Users\\kayig\\OneDrive\\Desktop\\Code\\MYBRANDBLAIR\\backend\\src\\controllers\\authentication.ts": {"path":"C:\\Users\\kayig\\OneDrive\\Desktop\\Code\\MYBRANDBLAIR\\backend\\src\\controllers\\authentication.ts","statementMap":{"0":{"start":{"line":2,"column":0},"end":{"line":2,"column":32}},"1":{"start":{"line":3,"column":0},"end":{"line":3,"column":59}},"2":{"start":{"line":6,"column":0},"end":{"line":6,"column":48}},"3":{"start":{"line":8,"column":0},"end":{"line":8,"column":27}},"4":{"start":{"line":9,"column":0},"end":{"line":9,"column":26}},"5":{"start":{"line":13,"column":15},"end":{"line":16,"column":2}},"6":{"start":{"line":18,"column":15},"end":{"line":44,"column":1}},"7":{"start":{"line":19,"column":4},"end":{"line":43,"column":5}},"8":{"start":{"line":21,"column":26},"end":{"line":21,"column":73}},"9":{"start":{"line":23,"column":12},"end":{"line":25,"column":13}},"10":{"start":{"line":24,"column":16},"end":{"line":24,"column":77}},"11":{"start":{"line":28,"column":37},"end":{"line":28,"column":68}},"12":{"start":{"line":31,"column":36},"end":{"line":34,"column":22}},"13":{"start":{"line":37,"column":12},"end":{"line":37,"column":33}},"14":{"start":{"line":39,"column":8},"end":{"line":39,"column":53}},"15":{"start":{"line":42,"column":8},"end":{"line":42,"column":25}},"16":{"start":{"line":46,"column":0},"end":{"line":51,"column":2}},"17":{"start":{"line":54,"column":22},"end":{"line":79,"column":1}},"18":{"start":{"line":55,"column":4},"end":{"line":78,"column":5}},"19":{"start":{"line":57,"column":37},"end":{"line":57,"column":45}},"20":{"start":{"line":59,"column":27},"end":{"line":59,"column":72}},"21":{"start":{"line":61,"column":8},"end":{"line":61,"column":null}},"22":{"start":{"line":61,"column":22},"end":{"line":61,"column":null}},"23":{"start":{"line":63,"column":29},"end":{"line":63,"column":60}},"24":{"start":{"line":65,"column":24},"end":{"line":69,"column":10}},"25":{"start":{"line":71,"column":8},"end":{"line":71,"column":29}},"26":{"start":{"line":72,"column":8},"end":{"line":72,"column":null}},"27":{"start":{"line":75,"column":8},"end":{"line":75,"column":27}},"28":{"start":{"line":76,"column":8},"end":{"line":76,"column":null}},"29":{"start":{"line":115,"column":8},"end":{"line":115,"column":21}},"30":{"start":{"line":82,"column":18},"end":{"line":108,"column":1}},"31":{"start":{"line":83,"column":8},"end":{"line":106,"column":9}},"32":{"start":{"line":84,"column":29},"end":{"line":84,"column":74}},"33":{"start":{"line":86,"column":12},"end":{"line":90,"column":13}},"34":{"start":{"line":88,"column":14},"end":{"line":88,"column":null}},"35":{"start":{"line":92,"column":28},"end":{"line":92,"column":77}},"36":{"start":{"line":94,"column":12},"end":{"line":101,"column":13}},"37":{"start":{"line":95,"column":16},"end":{"line":95,"column":null}},"38":{"start":{"line":100,"column":16},"end":{"line":100,"column":null}},"39":{"start":{"line":104,"column":12},"end":{"line":104,"column":31}},"40":{"start":{"line":105,"column":12},"end":{"line":105,"column":22}},"41":{"start":{"line":110,"column":0},"end":{"line":113,"column":null}}},"fnMap":{"0":{"name":"(anonymous_1)","decl":{"start":{"line":18,"column":15},"end":{"line":18,"column":20}},"loc":{"start":{"line":18,"column":73},"end":{"line":44,"column":1}}},"1":{"name":"(anonymous_2)","decl":{"start":{"line":54,"column":22},"end":{"line":54,"column":27}},"loc":{"start":{"line":54,"column":55},"end":{"line":79,"column":1}}},"2":{"name":"(anonymous_3)","decl":{"start":{"line":82,"column":18},"end":{"line":82,"column":23}},"loc":{"start":{"line":82,"column":74},"end":{"line":108,"column":1}}}},"branchMap":{"0":{"loc":{"start":{"line":23,"column":12},"end":{"line":25,"column":13}},"type":"if","locations":[{"start":{"line":23,"column":12},"end":{"line":25,"column":13}}]},"1":{"loc":{"start":{"line":61,"column":8},"end":{"line":61,"column":null}},"type":"if","locations":[{"start":{"line":61,"column":8},"end":{"line":61,"column":null}}]},"2":{"loc":{"start":{"line":86,"column":12},"end":{"line":90,"column":13}},"type":"if","locations":[{"start":{"line":86,"column":12},"end":{"line":90,"column":13}}]},"3":{"loc":{"start":{"line":94,"column":12},"end":{"line":101,"column":13}},"type":"if","locations":[{"start":{"line":94,"column":12},"end":{"line":101,"column":13}},{"start":{"line":99,"column":16},"end":{"line":101,"column":13}}]}},"s":{"0":1,"1":1,"2":1,"3":1,"4":1,"5":1,"6":1,"7":0,"8":0,"9":0,"10":0,"11":0,"12":0,"13":0,"14":0,"15":0,"16":1,"17":1,"18":0,"19":0,"20":0,"21":0,"22":0,"23":0,"24":0,"25":0,"26":0,"27":0,"28":0,"29":1,"30":1,"31":0,"32":0,"33":0,"34":0,"35":0,"36":0,"37":0,"38":0,"39":0,"40":0,"41":1},"f":{"0":0,"1":0,"2":0},"b":{"0":[0],"1":[0],"2":[0],"3":[0,0]}}
,"C:\\Users\\kayig\\OneDrive\\Desktop\\Code\\MYBRANDBLAIR\\backend\\src\\controllers\\controller.ts": {"path":"C:\\Users\\kayig\\OneDrive\\Desktop\\Code\\MYBRANDBLAIR\\backend\\src\\controllers\\controller.ts","statementMap":{"0":{"start":{"line":1,"column":0},"end":{"line":1,"column":37}},"1":{"start":{"line":3,"column":0},"end":{"line":3,"column":44}},"2":{"start":{"line":4,"column":0},"end":{"line":4,"column":48}},"3":{"start":{"line":5,"column":0},"end":{"line":5,"column":48}},"4":{"start":{"line":6,"column":0},"end":{"line":6,"column":41}},"5":{"start":{"line":12,"column":17},"end":{"line":20,"column":1}},"6":{"start":{"line":13,"column":18},"end":{"line":13,"column":35}},"7":{"start":{"line":14,"column":4},"end":{"line":16,"column":5}},"8":{"start":{"line":15,"column":8},"end":{"line":15,"column":65}},"9":{"start":{"line":17,"column":4},"end":{"line":17,"column":null}},"10":{"start":{"line":19,"column":4},"end":{"line":19,"column":32}},"11":{"start":{"line":132,"column":47},"end":{"line":132,"column":55}},"12":{"start":{"line":24,"column":16},"end":{"line":36,"column":1}},"13":{"start":{"line":25,"column":4},"end":{"line":35,"column":5}},"14":{"start":{"line":26,"column":21},"end":{"line":26,"column":63}},"15":{"start":{"line":27,"column":8},"end":{"line":29,"column":9}},"16":{"start":{"line":28,"column":12},"end":{"line":28,"column":69}},"17":{"start":{"line":32,"column":8},"end":{"line":32,"column":23}},"18":{"start":{"line":34,"column":9},"end":{"line":34,"column":65}},"19":{"start":{"line":132,"column":8},"end":{"line":132,"column":15}},"20":{"start":{"line":40,"column":19},"end":{"line":56,"column":1}},"21":{"start":{"line":41,"column":4},"end":{"line":55,"column":5}},"22":{"start":{"line":42,"column":23},"end":{"line":42,"column":36}},"23":{"start":{"line":44,"column":27},"end":{"line":44,"column":63}},"24":{"start":{"line":46,"column":8},"end":{"line":46,"column":48}},"25":{"start":{"line":48,"column":8},"end":{"line":50,"column":9}},"26":{"start":{"line":49,"column":12},"end":{"line":49,"column":69}},"27":{"start":{"line":51,"column":8},"end":{"line":51,"column":31}},"28":{"start":{"line":54,"column":8},"end":{"line":54,"column":65}},"29":{"start":{"line":132,"column":36},"end":{"line":132,"column":46}},"30":{"start":{"line":61,"column":17},"end":{"line":107,"column":1}},"31":{"start":{"line":62,"column":4},"end":{"line":106,"column":5}},"32":{"start":{"line":63,"column":8},"end":{"line":102,"column":11}},"33":{"start":{"line":64,"column":12},"end":{"line":101,"column":13}},"34":{"start":{"line":65,"column":16},"end":{"line":65,"column":68}},"35":{"start":{"line":65,"column":25},"end":{"line":65,"column":68}},"36":{"start":{"line":67,"column":16},"end":{"line":67,"column":105}},"37":{"start":{"line":67,"column":31},"end":{"line":67,"column":105}},"38":{"start":{"line":69,"column":35},"end":{"line":69,"column":82}},"39":{"start":{"line":71,"column":43},"end":{"line":71,"column":51}},"40":{"start":{"line":73,"column":31},"end":{"line":73,"column":60}},"41":{"start":{"line":75,"column":34},"end":{"line":75,"column":42}},"42":{"start":{"line":76,"column":37},"end":{"line":76,"column":71}},"43":{"start":{"line":78,"column":16},"end":{"line":97,"column":17}},"44":{"start":{"line":79,"column":20},"end":{"line":79,"column":72}},"45":{"start":{"line":81,"column":33},"end":{"line":86,"column":22}},"46":{"start":{"line":88,"column":20},"end":{"line":88,"column":38}},"47":{"start":{"line":91,"column":20},"end":{"line":93,"column":22}},"48":{"start":{"line":94,"column":20},"end":{"line":94,"column":47}},"49":{"start":{"line":96,"column":20},"end":{"line":96,"column":54}},"50":{"start":{"line":99,"column":16},"end":{"line":99,"column":61}},"51":{"start":{"line":100,"column":16},"end":{"line":100,"column":80}},"52":{"start":{"line":104,"column":8},"end":{"line":104,"column":27}},"53":{"start":{"line":105,"column":8},"end":{"line":105,"column":72}},"54":{"start":{"line":132,"column":16},"end":{"line":132,"column":24}},"55":{"start":{"line":111,"column":19},"end":{"line":128,"column":1}},"56":{"start":{"line":112,"column":4},"end":{"line":127,"column":5}},"57":{"start":{"line":113,"column":8},"end":{"line":113,"column":61}},"58":{"start":{"line":115,"column":21},"end":{"line":115,"column":89}},"59":{"start":{"line":117,"column":8},"end":{"line":120,"column":9}},"60":{"start":{"line":118,"column":12},"end":{"line":118,"column":42}},"61":{"start":{"line":119,"column":12},"end":{"line":119,"column":69}},"62":{"start":{"line":122,"column":8},"end":{"line":122,"column":56}},"63":{"start":{"line":123,"column":8},"end":{"line":123,"column":35}},"64":{"start":{"line":125,"column":8},"end":{"line":125,"column":53}},"65":{"start":{"line":126,"column":8},"end":{"line":126,"column":65}},"66":{"start":{"line":132,"column":25},"end":{"line":132,"column":35}}},"fnMap":{"0":{"name":"(anonymous_0)","decl":{"start":{"line":12,"column":17},"end":{"line":12,"column":22}},"loc":{"start":{"line":12,"column":53},"end":{"line":20,"column":1}}},"1":{"name":"(anonymous_1)","decl":{"start":{"line":24,"column":16},"end":{"line":24,"column":21}},"loc":{"start":{"line":24,"column":52},"end":{"line":36,"column":1}}},"2":{"name":"(anonymous_2)","decl":{"start":{"line":40,"column":19},"end":{"line":40,"column":24}},"loc":{"start":{"line":40,"column":55},"end":{"line":56,"column":1}}},"3":{"name":"(anonymous_3)","decl":{"start":{"line":61,"column":17},"end":{"line":61,"column":22}},"loc":{"start":{"line":61,"column":53},"end":{"line":107,"column":1}}},"4":{"name":"(anonymous_4)","decl":{"start":{"line":63,"column":41},"end":{"line":63,"column":46}},"loc":{"start":{"line":63,"column":55},"end":{"line":102,"column":9}}},"5":{"name":"(anonymous_5)","decl":{"start":{"line":111,"column":19},"end":{"line":111,"column":24}},"loc":{"start":{"line":111,"column":57},"end":{"line":128,"column":1}}}},"branchMap":{"0":{"loc":{"start":{"line":14,"column":4},"end":{"line":16,"column":5}},"type":"if","locations":[{"start":{"line":14,"column":4},"end":{"line":16,"column":5}}]},"1":{"loc":{"start":{"line":27,"column":8},"end":{"line":29,"column":9}},"type":"if","locations":[{"start":{"line":27,"column":8},"end":{"line":29,"column":9}}]},"2":{"loc":{"start":{"line":48,"column":8},"end":{"line":50,"column":9}},"type":"if","locations":[{"start":{"line":48,"column":8},"end":{"line":50,"column":9}}]},"3":{"loc":{"start":{"line":65,"column":16},"end":{"line":65,"column":68}},"type":"if","locations":[{"start":{"line":65,"column":16},"end":{"line":65,"column":68}}]},"4":{"loc":{"start":{"line":67,"column":16},"end":{"line":67,"column":105}},"type":"if","locations":[{"start":{"line":67,"column":16},"end":{"line":67,"column":105}}]},"5":{"loc":{"start":{"line":78,"column":16},"end":{"line":97,"column":17}},"type":"if","locations":[{"start":{"line":78,"column":16},"end":{"line":97,"column":17}},{"start":{"line":80,"column":23},"end":{"line":97,"column":17}}]},"6":{"loc":{"start":{"line":117,"column":8},"end":{"line":120,"column":9}},"type":"if","locations":[{"start":{"line":117,"column":8},"end":{"line":120,"column":9}}]}},"s":{"0":1,"1":1,"2":1,"3":1,"4":1,"5":1,"6":0,"7":0,"8":0,"9":0,"10":0,"11":1,"12":1,"13":0,"14":0,"15":0,"16":0,"17":0,"18":0,"19":1,"20":1,"21":0,"22":0,"23":0,"24":0,"25":0,"26":0,"27":0,"28":0,"29":1,"30":1,"31":0,"32":0,"33":0,"34":0,"35":0,"36":0,"37":0,"38":0,"39":0,"40":0,"41":0,"42":0,"43":0,"44":0,"45":0,"46":0,"47":0,"48":0,"49":0,"50":0,"51":0,"52":0,"53":0,"54":1,"55":1,"56":0,"57":0,"58":0,"59":0,"60":0,"61":0,"62":0,"63":0,"64":0,"65":0,"66":1},"f":{"0":0,"1":0,"2":0,"3":0,"4":0,"5":0},"b":{"0":[0],"1":[0],"2":[0],"3":[0],"4":[0],"5":[0,0],"6":[0]}}
,"C:\\Users\\kayig\\OneDrive\\Desktop\\Code\\MYBRANDBLAIR\\backend\\src\\controllers\\controllerComment.ts": {"path":"C:\\Users\\kayig\\OneDrive\\Desktop\\Code\\MYBRANDBLAIR\\backend\\src\\controllers\\controllerComment.ts","statementMap":{"0":{"start":{"line":1,"column":0},"end":{"line":1,"column":43}},"1":{"start":{"line":2,"column":0},"end":{"line":2,"column":38}},"2":{"start":{"line":7,"column":20},"end":{"line":22,"column":1}},"3":{"start":{"line":8,"column":4},"end":{"line":21,"column":5}},"4":{"start":{"line":9,"column":23},"end":{"line":9,"column":36}},"5":{"start":{"line":11,"column":21},"end":{"line":11,"column":56}},"6":{"start":{"line":12,"column":8},"end":{"line":14,"column":9}},"7":{"start":{"line":13,"column":12},"end":{"line":13,"column":72}},"8":{"start":{"line":16,"column":25},"end":{"line":16,"column":61}},"9":{"start":{"line":17,"column":8},"end":{"line":17,"column":39}},"10":{"start":{"line":19,"column":8},"end":{"line":19,"column":57}},"11":{"start":{"line":20,"column":8},"end":{"line":20,"column":65}},"12":{"start":{"line":51,"column":22},"end":{"line":51,"column":33}},"13":{"start":{"line":27,"column":20},"end":{"line":50,"column":1}},"14":{"start":{"line":28,"column":4},"end":{"line":49,"column":5}},"15":{"start":{"line":29,"column":40},"end":{"line":29,"column":48}},"16":{"start":{"line":30,"column":23},"end":{"line":30,"column":36}},"17":{"start":{"line":31,"column":21},"end":{"line":31,"column":56}},"18":{"start":{"line":33,"column":8},"end":{"line":35,"column":9}},"19":{"start":{"line":34,"column":12},"end":{"line":34,"column":69}},"20":{"start":{"line":36,"column":27},"end":{"line":41,"column":10}},"21":{"start":{"line":43,"column":8},"end":{"line":43,"column":32}},"22":{"start":{"line":45,"column":8},"end":{"line":45,"column":41}},"23":{"start":{"line":47,"column":8},"end":{"line":47,"column":55}},"24":{"start":{"line":48,"column":8},"end":{"line":48,"column":65}},"25":{"start":{"line":51,"column":9},"end":{"line":51,"column":20}}},"fnMap":{"0":{"name":"(anonymous_0)","decl":{"start":{"line":7,"column":20},"end":{"line":7,"column":25}},"loc":{"start":{"line":7,"column":58},"end":{"line":22,"column":1}}},"1":{"name":"(anonymous_1)","decl":{"start":{"line":27,"column":20},"end":{"line":27,"column":25}},"loc":{"start":{"line":27,"column":58},"end":{"line":50,"column":1}}}},"branchMap":{"0":{"loc":{"start":{"line":12,"column":8},"end":{"line":14,"column":9}},"type":"if","locations":[{"start":{"line":12,"column":8},"end":{"line":14,"column":9}}]},"1":{"loc":{"start":{"line":33,"column":8},"end":{"line":35,"column":9}},"type":"if","locations":[{"start":{"line":33,"column":8},"end":{"line":35,"column":9}}]}},"s":{"0":1,"1":1,"2":1,"3":0,"4":0,"5":0,"6":0,"7":0,"8":0,"9":0,"10":0,"11":0,"12":1,"13":1,"14":0,"15":0,"16":0,"17":0,"18":0,"19":0,"20":0,"21":0,"22":0,"23":0,"24":0,"25":1},"f":{"0":0,"1":0},"b":{"0":[0],"1":[0]}}
,"C:\\Users\\kayig\\OneDrive\\Desktop\\Code\\MYBRANDBLAIR\\backend\\src\\controllers\\likeController.ts": {"path":"C:\\Users\\kayig\\OneDrive\\Desktop\\Code\\MYBRANDBLAIR\\backend\\src\\controllers\\likeController.ts","statementMap":{"0":{"start":{"line":2,"column":0},"end":{"line":2,"column":38}},"1":{"start":{"line":5,"column":0},"end":{"line":5,"column":48}},"2":{"start":{"line":7,"column":13},"end":{"line":47,"column":1}},"3":{"start":{"line":8,"column":4},"end":{"line":46,"column":5}},"4":{"start":{"line":9,"column":23},"end":{"line":9,"column":36}},"5":{"start":{"line":10,"column":21},"end":{"line":10,"column":48}},"6":{"start":{"line":12,"column":8},"end":{"line":14,"column":9}},"7":{"start":{"line":13,"column":12},"end":{"line":13,"column":69}},"8":{"start":{"line":16,"column":23},"end":{"line":16,"column":31}},"9":{"start":{"line":18,"column":8},"end":{"line":20,"column":9}},"10":{"start":{"line":19,"column":12},"end":{"line":19,"column":69}},"11":{"start":{"line":22,"column":29},"end":{"line":22,"column":60}},"12":{"start":{"line":24,"column":8},"end":{"line":27,"column":9}},"13":{"start":{"line":26,"column":12},"end":{"line":26,"column":69}},"14":{"start":{"line":30,"column":26},"end":{"line":30,"column":56}},"15":{"start":{"line":32,"column":31},"end":{"line":32,"column":91}},"16":{"start":{"line":32,"column":61},"end":{"line":32,"column":90}},"17":{"start":{"line":34,"column":8},"end":{"line":42,"column":9}},"18":{"start":{"line":35,"column":12},"end":{"line":35,"column":45}},"19":{"start":{"line":36,"column":12},"end":{"line":36,"column":30}},"20":{"start":{"line":37,"column":12},"end":{"line":37,"column":53}},"21":{"start":{"line":39,"column":12},"end":{"line":39,"column":48}},"22":{"start":{"line":40,"column":12},"end":{"line":40,"column":30}},"23":{"start":{"line":41,"column":12},"end":{"line":41,"column":54}},"24":{"start":{"line":44,"column":8},"end":{"line":44,"column":48}},"25":{"start":{"line":45,"column":8},"end":{"line":45,"column":65}},"26":{"start":{"line":70,"column":9},"end":{"line":70,"column":13}},"27":{"start":{"line":49,"column":17},"end":{"line":67,"column":1}},"28":{"start":{"line":50,"column":4},"end":{"line":66,"column":5}},"29":{"start":{"line":51,"column":8},"end":{"line":51,"column":null}},"30":{"start":{"line":52,"column":23},"end":{"line":52,"column":36}},"31":{"start":{"line":53,"column":21},"end":{"line":53,"column":48}},"32":{"start":{"line":55,"column":8},"end":{"line":57,"column":9}},"33":{"start":{"line":56,"column":12},"end":{"line":56,"column":69}},"34":{"start":{"line":59,"column":22},"end":{"line":59,"column":39}},"35":{"start":{"line":60,"column":8},"end":{"line":60,"column":39}},"36":{"start":{"line":63,"column":8},"end":{"line":63,"column":27}},"37":{"start":{"line":64,"column":8},"end":{"line":64,"column":58}},"38":{"start":{"line":70,"column":15},"end":{"line":70,"column":23}}},"fnMap":{"0":{"name":"(anonymous_0)","decl":{"start":{"line":7,"column":13},"end":{"line":7,"column":18}},"loc":{"start":{"line":7,"column":51},"end":{"line":47,"column":1}}},"1":{"name":"(anonymous_1)","decl":{"start":{"line":32,"column":51},"end":{"line":32,"column":52}},"loc":{"start":{"line":32,"column":61},"end":{"line":32,"column":90}}},"2":{"name":"(anonymous_2)","decl":{"start":{"line":49,"column":17},"end":{"line":49,"column":22}},"loc":{"start":{"line":49,"column":53},"end":{"line":67,"column":1}}}},"branchMap":{"0":{"loc":{"start":{"line":12,"column":8},"end":{"line":14,"column":9}},"type":"if","locations":[{"start":{"line":12,"column":8},"end":{"line":14,"column":9}}]},"1":{"loc":{"start":{"line":18,"column":8},"end":{"line":20,"column":9}},"type":"if","locations":[{"start":{"line":18,"column":8},"end":{"line":20,"column":9}}]},"2":{"loc":{"start":{"line":24,"column":8},"end":{"line":27,"column":9}},"type":"if","locations":[{"start":{"line":24,"column":8},"end":{"line":27,"column":9}}]},"3":{"loc":{"start":{"line":34,"column":8},"end":{"line":42,"column":9}},"type":"if","locations":[{"start":{"line":34,"column":8},"end":{"line":42,"column":9}},{"start":{"line":38,"column":15},"end":{"line":42,"column":9}}]},"4":{"loc":{"start":{"line":55,"column":8},"end":{"line":57,"column":9}},"type":"if","locations":[{"start":{"line":55,"column":8},"end":{"line":57,"column":9}}]}},"s":{"0":1,"1":1,"2":1,"3":0,"4":0,"5":0,"6":0,"7":0,"8":0,"9":0,"10":0,"11":0,"12":0,"13":0,"14":0,"15":0,"16":0,"17":0,"18":0,"19":0,"20":0,"21":0,"22":0,"23":0,"24":0,"25":0,"26":1,"27":1,"28":0,"29":0,"30":0,"31":0,"32":0,"33":0,"34":0,"35":0,"36":0,"37":0,"38":1},"f":{"0":0,"1":0,"2":0},"b":{"0":[0],"1":[0],"2":[0],"3":[0,0],"4":[0]}}
,"C:\\Users\\kayig\\OneDrive\\Desktop\\Code\\MYBRANDBLAIR\\backend\\src\\controllers\\queryController.ts": {"path":"C:\\Users\\kayig\\OneDrive\\Desktop\\Code\\MYBRANDBLAIR\\backend\\src\\controllers\\queryController.ts","statementMap":{"0":{"start":{"line":2,"column":0},"end":{"line":2,"column":41}},"1":{"start":{"line":5,"column":20},"end":{"line":8,"column":1}},"2":{"start":{"line":6,"column":21},"end":{"line":6,"column":41}},"3":{"start":{"line":7,"column":4},"end":{"line":7,"column":null}},"4":{"start":{"line":28,"column":22},"end":{"line":28,"column":33}},"5":{"start":{"line":11,"column":22},"end":{"line":25,"column":1}},"6":{"start":{"line":13,"column":4},"end":{"line":24,"column":5}},"7":{"start":{"line":14,"column":28},"end":{"line":18,"column":14}},"8":{"start":{"line":19,"column":12},"end":{"line":19,"column":33}},"9":{"start":{"line":20,"column":12},"end":{"line":20,"column":null}},"10":{"start":{"line":23,"column":16},"end":{"line":23,"column":null}},"11":{"start":{"line":28,"column":8},"end":{"line":28,"column":21}}},"fnMap":{"0":{"name":"(anonymous_0)","decl":{"start":{"line":5,"column":20},"end":{"line":5,"column":25}},"loc":{"start":{"line":5,"column":56},"end":{"line":8,"column":1}}},"1":{"name":"(anonymous_1)","decl":{"start":{"line":11,"column":22},"end":{"line":11,"column":27}},"loc":{"start":{"line":11,"column":58},"end":{"line":25,"column":1}}}},"branchMap":{},"s":{"0":1,"1":1,"2":0,"3":0,"4":1,"5":1,"6":0,"7":0,"8":0,"9":0,"10":0,"11":1},"f":{"0":0,"1":0},"b":{}}
,"C:\\Users\\kayig\\OneDrive\\Desktop\\Code\\MYBRANDBLAIR\\backend\\src\\middlewares\\checkAuth.ts": {"path":"C:\\Users\\kayig\\OneDrive\\Desktop\\Code\\MYBRANDBLAIR\\backend\\src\\middlewares\\checkAuth.ts","statementMap":{"0":{"start":{"line":2,"column":0},"end":{"line":2,"column":32}},"1":{"start":{"line":12,"column":18},"end":{"line":24,"column":1}},"2":{"start":{"line":14,"column":4},"end":{"line":21,"column":23}},"3":{"start":{"line":16,"column":12},"end":{"line":18,"column":13}},"4":{"start":{"line":17,"column":16},"end":{"line":17,"column":80}},"5":{"start":{"line":19,"column":12},"end":{"line":19,"column":28}},"6":{"start":{"line":20,"column":8},"end":{"line":20,"column":15}},"7":{"start":{"line":46,"column":8},"end":{"line":46,"column":17}},"8":{"start":{"line":26,"column":19},"end":{"line":42,"column":1}},"9":{"start":{"line":28,"column":4},"end":{"line":39,"column":23}},"10":{"start":{"line":30,"column":12},"end":{"line":32,"column":13}},"11":{"start":{"line":31,"column":16},"end":{"line":31,"column":73}},"12":{"start":{"line":34,"column":12},"end":{"line":36,"column":13}},"13":{"start":{"line":35,"column":16},"end":{"line":35,"column":78}},"14":{"start":{"line":38,"column":8},"end":{"line":38,"column":15}},"15":{"start":{"line":46,"column":18},"end":{"line":46,"column":28}}},"fnMap":{"0":{"name":"(anonymous_1)","decl":{"start":{"line":12,"column":18},"end":{"line":12,"column":19}},"loc":{"start":{"line":12,"column":70},"end":{"line":24,"column":1}}},"1":{"name":"(anonymous_2)","decl":{"start":{"line":14,"column":53},"end":{"line":14,"column":54}},"loc":{"start":{"line":14,"column":87},"end":{"line":21,"column":5}}},"2":{"name":"(anonymous_3)","decl":{"start":{"line":26,"column":19},"end":{"line":26,"column":20}},"loc":{"start":{"line":26,"column":71},"end":{"line":42,"column":1}}},"3":{"name":"(anonymous_4)","decl":{"start":{"line":28,"column":53},"end":{"line":28,"column":54}},"loc":{"start":{"line":28,"column":87},"end":{"line":39,"column":5}}}},"branchMap":{"0":{"loc":{"start":{"line":16,"column":12},"end":{"line":18,"column":13}},"type":"if","locations":[{"start":{"line":16,"column":12},"end":{"line":18,"column":13}}]},"1":{"loc":{"start":{"line":30,"column":12},"end":{"line":32,"column":13}},"type":"if","locations":[{"start":{"line":30,"column":12},"end":{"line":32,"column":13}}]},"2":{"loc":{"start":{"line":34,"column":12},"end":{"line":36,"column":13}},"type":"if","locations":[{"start":{"line":34,"column":12},"end":{"line":36,"column":13}}]}},"s":{"0":1,"1":1,"2":0,"3":0,"4":0,"5":0,"6":0,"7":1,"8":1,"9":0,"10":0,"11":0,"12":0,"13":0,"14":0,"15":1},"f":{"0":0,"1":0,"2":0,"3":0},"b":{"0":[0],"1":[0],"2":[0]}}
,"C:\\Users\\kayig\\OneDrive\\Desktop\\Code\\MYBRANDBLAIR\\backend\\src\\middlewares\\valid.ts": {"path":"C:\\Users\\kayig\\OneDrive\\Desktop\\Code\\MYBRANDBLAIR\\backend\\src\\middlewares\\valid.ts","statementMap":{"0":{"start":{"line":2,"column":0},"end":{"line":2,"column":55}},"1":{"start":{"line":3,"column":0},"end":{"line":3,"column":78}},"2":{"start":{"line":4,"column":0},"end":{"line":4,"column":54}},"3":{"start":{"line":7,"column":18},"end":{"line":19,"column":1}},"4":{"start":{"line":8,"column":4},"end":{"line":17,"column":5}},"5":{"start":{"line":9,"column":24},"end":{"line":9,"column":46}},"6":{"start":{"line":10,"column":8},"end":{"line":12,"column":9}},"7":{"start":{"line":11,"column":12},"end":{"line":11,"column":77}},"8":{"start":{"line":13,"column":8},"end":{"line":13,"column":15}},"9":{"start":{"line":15,"column":8},"end":{"line":15,"column":27}},"10":{"start":{"line":16,"column":8},"end":{"line":16,"column":null}},"11":{"start":{"line":67,"column":8},"end":{"line":67,"column":17}},"12":{"start":{"line":21,"column":18},"end":{"line":33,"column":1}},"13":{"start":{"line":22,"column":4},"end":{"line":31,"column":5}},"14":{"start":{"line":23,"column":24},"end":{"line":23,"column":47}},"15":{"start":{"line":24,"column":8},"end":{"line":26,"column":9}},"16":{"start":{"line":25,"column":12},"end":{"line":25,"column":82}},"17":{"start":{"line":27,"column":8},"end":{"line":27,"column":15}},"18":{"start":{"line":29,"column":8},"end":{"line":29,"column":27}},"19":{"start":{"line":30,"column":8},"end":{"line":30,"column":null}},"20":{"start":{"line":67,"column":18},"end":{"line":67,"column":27}},"21":{"start":{"line":37,"column":22},"end":{"line":48,"column":1}},"22":{"start":{"line":38,"column":4},"end":{"line":47,"column":5}},"23":{"start":{"line":39,"column":26},"end":{"line":39,"column":52}},"24":{"start":{"line":40,"column":8},"end":{"line":42,"column":9}},"25":{"start":{"line":41,"column":12},"end":{"line":41,"column":77}},"26":{"start":{"line":43,"column":8},"end":{"line":43,"column":15}},"27":{"start":{"line":45,"column":8},"end":{"line":45,"column":58}},"28":{"start":{"line":46,"column":8},"end":{"line":46,"column":65}},"29":{"start":{"line":67,"column":41},"end":{"line":67,"column":54}},"30":{"start":{"line":51,"column":21},"end":{"line":65,"column":1}},"31":{"start":{"line":52,"column":8},"end":{"line":63,"column":9}},"32":{"start":{"line":53,"column":30},"end":{"line":53,"column":56}},"33":{"start":{"line":55,"column":12},"end":{"line":58,"column":13}},"34":{"start":{"line":56,"column":16},"end":{"line":56,"column":null}},"35":{"start":{"line":57,"column":16},"end":{"line":57,"column":78}},"36":{"start":{"line":59,"column":13},"end":{"line":59,"column":20}},"37":{"start":{"line":61,"column":12},"end":{"line":61,"column":62}},"38":{"start":{"line":62,"column":12},"end":{"line":62,"column":69}},"39":{"start":{"line":67,"column":28},"end":{"line":67,"column":40}}},"fnMap":{"0":{"name":"(anonymous_0)","decl":{"start":{"line":7,"column":18},"end":{"line":7,"column":23}},"loc":{"start":{"line":7,"column":67},"end":{"line":19,"column":1}}},"1":{"name":"(anonymous_1)","decl":{"start":{"line":21,"column":18},"end":{"line":21,"column":23}},"loc":{"start":{"line":21,"column":67},"end":{"line":33,"column":1}}},"2":{"name":"(anonymous_2)","decl":{"start":{"line":37,"column":22},"end":{"line":37,"column":27}},"loc":{"start":{"line":37,"column":73},"end":{"line":48,"column":1}}},"3":{"name":"(anonymous_3)","decl":{"start":{"line":51,"column":21},"end":{"line":51,"column":26}},"loc":{"start":{"line":51,"column":69},"end":{"line":65,"column":1}}}},"branchMap":{"0":{"loc":{"start":{"line":10,"column":8},"end":{"line":12,"column":9}},"type":"if","locations":[{"start":{"line":10,"column":8},"end":{"line":12,"column":9}}]},"1":{"loc":{"start":{"line":24,"column":8},"end":{"line":26,"column":9}},"type":"if","locations":[{"start":{"line":24,"column":8},"end":{"line":26,"column":9}}]},"2":{"loc":{"start":{"line":40,"column":8},"end":{"line":42,"column":9}},"type":"if","locations":[{"start":{"line":40,"column":8},"end":{"line":42,"column":9}}]},"3":{"loc":{"start":{"line":55,"column":12},"end":{"line":58,"column":13}},"type":"if","locations":[{"start":{"line":55,"column":12},"end":{"line":58,"column":13}}]}},"s":{"0":1,"1":1,"2":1,"3":1,"4":0,"5":0,"6":0,"7":0,"8":0,"9":0,"10":0,"11":1,"12":1,"13":0,"14":0,"15":0,"16":0,"17":0,"18":0,"19":0,"20":1,"21":1,"22":0,"23":0,"24":0,"25":0,"26":0,"27":0,"28":0,"29":1,"30":1,"31":0,"32":0,"33":0,"34":0,"35":0,"36":0,"37":0,"38":0,"39":1},"f":{"0":0,"1":0,"2":0,"3":0},"b":{"0":[0],"1":[0],"2":[0],"3":[0]}}
,"C:\\Users\\kayig\\OneDrive\\Desktop\\Code\\MYBRANDBLAIR\\backend\\src\\models\\authModel.ts": {"path":"C:\\Users\\kayig\\OneDrive\\Desktop\\Code\\MYBRANDBLAIR\\backend\\src\\models\\authModel.ts","statementMap":{"0":{"start":{"line":2,"column":0},"end":{"line":2,"column":44}},"1":{"start":{"line":6,"column":19},"end":{"line":23,"column":2}},"2":{"start":{"line":26,"column":13},"end":{"line":26,"column":63}}},"fnMap":{},"branchMap":{},"s":{"0":1,"1":1,"2":1},"f":{},"b":{}}
,"C:\\Users\\kayig\\OneDrive\\Desktop\\Code\\MYBRANDBLAIR\\backend\\src\\models\\blog.ts": {"path":"C:\\Users\\kayig\\OneDrive\\Desktop\\Code\\MYBRANDBLAIR\\backend\\src\\models\\blog.ts","statementMap":{"0":{"start":{"line":1,"column":0},"end":{"line":1,"column":47}},"1":{"start":{"line":4,"column":19},"end":{"line":16,"column":2}},"2":{"start":{"line":18,"column":13},"end":{"line":18,"column":52}}},"fnMap":{},"branchMap":{},"s":{"0":1,"1":1,"2":1},"f":{},"b":{}}
,"C:\\Users\\kayig\\OneDrive\\Desktop\\Code\\MYBRANDBLAIR\\backend\\src\\models\\comment.ts": {"path":"C:\\Users\\kayig\\OneDrive\\Desktop\\Code\\MYBRANDBLAIR\\backend\\src\\models\\comment.ts","statementMap":{"0":{"start":{"line":1,"column":0},"end":{"line":1,"column":44}},"1":{"start":{"line":4,"column":22},"end":{"line":24,"column":2}},"2":{"start":{"line":26,"column":13},"end":{"line":26,"column":64}}},"fnMap":{},"branchMap":{},"s":{"0":1,"1":1,"2":1},"f":{},"b":{}}
,"C:\\Users\\kayig\\OneDrive\\Desktop\\Code\\MYBRANDBLAIR\\backend\\src\\models\\query.ts": {"path":"C:\\Users\\kayig\\OneDrive\\Desktop\\Code\\MYBRANDBLAIR\\backend\\src\\models\\query.ts","statementMap":{"0":{"start":{"line":1,"column":0},"end":{"line":1,"column":36}},"1":{"start":{"line":4,"column":20},"end":{"line":14,"column":2}},"2":{"start":{"line":16,"column":13},"end":{"line":16,"column":null}}},"fnMap":{},"branchMap":{},"s":{"0":1,"1":1,"2":1},"f":{},"b":{}}
,"C:\\Users\\kayig\\OneDrive\\Desktop\\Code\\MYBRANDBLAIR\\backend\\src\\routers\\routes.ts": {"path":"C:\\Users\\kayig\\OneDrive\\Desktop\\Code\\MYBRANDBLAIR\\backend\\src\\routers\\routes.ts","statementMap":{"0":{"start":{"line":1,"column":0},"end":{"line":1,"column":74}},"1":{"start":{"line":2,"column":0},"end":{"line":2,"column":90}},"2":{"start":{"line":3,"column":0},"end":{"line":3,"column":74}},"3":{"start":{"line":4,"column":0},"end":{"line":4,"column":75}},"4":{"start":{"line":5,"column":0},"end":{"line":5,"column":59}},"5":{"start":{"line":6,"column":0},"end":{"line":6,"column":32}},"6":{"start":{"line":7,"column":0},"end":{"line":7,"column":38}},"7":{"start":{"line":8,"column":0},"end":{"line":8,"column":83}},"8":{"start":{"line":10,"column":0},"end":{"line":10,"column":21}},"9":{"start":{"line":11,"column":0},"end":{"line":11,"column":30}},"10":{"start":{"line":12,"column":0},"end":{"line":12,"column":64}},"11":{"start":{"line":13,"column":0},"end":{"line":13,"column":26}},"12":{"start":{"line":16,"column":15},"end":{"line":16,"column":31}},"13":{"start":{"line":115,"column":8},"end":{"line":115,"column":14}},"14":{"start":{"line":21,"column":0},"end":{"line":21,"column":31}},"15":{"start":{"line":25,"column":0},"end":{"line":25,"column":34}},"16":{"start":{"line":30,"column":0},"end":{"line":30,"column":41}},"17":{"start":{"line":33,"column":0},"end":{"line":33,"column":48}},"18":{"start":{"line":36,"column":0},"end":{"line":36,"column":50}},"19":{"start":{"line":42,"column":0},"end":{"line":42,"column":null}},"20":{"start":{"line":45,"column":0},"end":{"line":45,"column":null}},"21":{"start":{"line":51,"column":0},"end":{"line":51,"column":56}},"22":{"start":{"line":54,"column":0},"end":{"line":54,"column":51}},"23":{"start":{"line":60,"column":0},"end":{"line":60,"column":null}},"24":{"start":{"line":61,"column":0},"end":{"line":61,"column":null}},"25":{"start":{"line":66,"column":0},"end":{"line":70,"column":3}},"26":{"start":{"line":69,"column":10},"end":{"line":69,"column":78}},"27":{"start":{"line":73,"column":0},"end":{"line":81,"column":2}},"28":{"start":{"line":77,"column":8},"end":{"line":79,"column":11}},"29":{"start":{"line":83,"column":0},"end":{"line":112,"column":null}},"30":{"start":{"line":85,"column":2},"end":{"line":111,"column":21}},"31":{"start":{"line":86,"column":8},"end":{"line":90,"column":9}},"32":{"start":{"line":88,"column":10},"end":{"line":88,"column":27}},"33":{"start":{"line":93,"column":8},"end":{"line":97,"column":9}},"34":{"start":{"line":95,"column":10},"end":{"line":95,"column":65}},"35":{"start":{"line":100,"column":21},"end":{"line":100,"column":81}},"36":{"start":{"line":102,"column":22},"end":{"line":102,"column":55}},"37":{"start":{"line":104,"column":8},"end":{"line":109,"column":null}}},"fnMap":{"0":{"name":"(anonymous_1)","decl":{"start":{"line":68,"column":6},"end":{"line":68,"column":7}},"loc":{"start":{"line":68,"column":36},"end":{"line":70,"column":1}}},"1":{"name":"(anonymous_2)","decl":{"start":{"line":76,"column":4},"end":{"line":76,"column":9}},"loc":{"start":{"line":76,"column":62},"end":{"line":80,"column":5}}},"2":{"name":"(anonymous_3)","decl":{"start":{"line":83,"column":32},"end":{"line":83,"column":33}},"loc":{"start":{"line":83,"column":84},"end":{"line":112,"column":1}}},"3":{"name":"(anonymous_4)","decl":{"start":{"line":85,"column":53},"end":{"line":85,"column":54}},"loc":{"start":{"line":85,"column":85},"end":{"line":111,"column":3}}}},"branchMap":{"0":{"loc":{"start":{"line":86,"column":8},"end":{"line":90,"column":9}},"type":"if","locations":[{"start":{"line":86,"column":8},"end":{"line":90,"column":9}}]},"1":{"loc":{"start":{"line":93,"column":8},"end":{"line":97,"column":9}},"type":"if","locations":[{"start":{"line":93,"column":8},"end":{"line":97,"column":9}}]}},"s":{"0":1,"1":1,"2":1,"3":1,"4":1,"5":1,"6":1,"7":1,"8":1,"9":1,"10":1,"11":1,"12":1,"13":1,"14":1,"15":1,"16":1,"17":1,"18":1,"19":1,"20":1,"21":1,"22":1,"23":1,"24":1,"25":1,"26":0,"27":1,"28":0,"29":1,"30":0,"31":0,"32":0,"33":0,"34":0,"35":0,"36":0,"37":0},"f":{"0":0,"1":0,"2":0,"3":0},"b":{"0":[0],"1":[0]}}
,"C:\\Users\\kayig\\OneDrive\\Desktop\\Code\\MYBRANDBLAIR\\backend\\src\\utils\\cloudinary.ts": {"path":"C:\\Users\\kayig\\OneDrive\\Desktop\\Code\\MYBRANDBLAIR\\backend\\src\\utils\\cloudinary.ts","statementMap":{"0":{"start":{"line":1,"column":0},"end":{"line":1,"column":14}},"1":{"start":{"line":15,"column":8},"end":{"line":1,"column":43}},"2":{"start":{"line":2,"column":0},"end":{"line":2,"column":27}},"3":{"start":{"line":5,"column":0},"end":{"line":5,"column":16}},"4":{"start":{"line":8,"column":0},"end":{"line":12,"column":null}}},"fnMap":{"0":{"name":"(anonymous_1)","decl":{"start":{"line":15,"column":8},"end":{"line":15,"column":18}},"loc":{"start":{"line":15,"column":8},"end":{"line":1,"column":43}}}},"branchMap":{},"s":{"0":1,"1":1,"2":1,"3":1,"4":1},"f":{"0":0},"b":{}}
,"C:\\Users\\kayig\\OneDrive\\Desktop\\Code\\MYBRANDBLAIR\\backend\\src\\utils\\jwt.ts": {"path":"C:\\Users\\kayig\\OneDrive\\Desktop\\Code\\MYBRANDBLAIR\\backend\\src\\utils\\jwt.ts","statementMap":{"0":{"start":{"line":10,"column":0},"end":{"line":10,"column":31}},"1":{"start":{"line":17,"column":17},"end":{"line":29,"column":3}},"2":{"start":{"line":18,"column":16},"end":{"line":18,"column":24}},"3":{"start":{"line":20,"column":20},"end":{"line":22,"column":6}},"4":{"start":{"line":24,"column":24},"end":{"line":24,"column":49}},"5":{"start":{"line":26,"column":4},"end":{"line":28,"column":null}},"6":{"start":{"line":31,"column":8},"end":{"line":31,"column":16}}},"fnMap":{"0":{"name":"(anonymous_1)","decl":{"start":{"line":17,"column":17},"end":{"line":17,"column":18}},"loc":{"start":{"line":17,"column":29},"end":{"line":29,"column":3}}}},"branchMap":{},"s":{"0":1,"1":1,"2":0,"3":0,"4":0,"5":0,"6":1},"f":{"0":0},"b":{}}
,"C:\\Users\\kayig\\OneDrive\\Desktop\\Code\\MYBRANDBLAIR\\backend\\src\\utils\\multer.ts": {"path":"C:\\Users\\kayig\\OneDrive\\Desktop\\Code\\MYBRANDBLAIR\\backend\\src\\utils\\multer.ts","statementMap":{"0":{"start":{"line":1,"column":0},"end":{"line":1,"column":28}},"1":{"start":{"line":2,"column":0},"end":{"line":2,"column":24}},"2":{"start":{"line":4,"column":15},"end":{"line":22,"column":2}},"3":{"start":{"line":9,"column":24},"end":{"line":9,"column":55}},"4":{"start":{"line":11,"column":8},"end":{"line":16,"column":9}},"5":{"start":{"line":13,"column":12},"end":{"line":13,"column":62}},"6":{"start":{"line":15,"column":12},"end":{"line":15,"column":18}},"7":{"start":{"line":18,"column":12},"end":{"line":18,"column":33}},"8":{"start":{"line":25,"column":8},"end":{"line":25,"column":14}}},"fnMap":{"0":{"name":"(anonymous_1)","decl":{"start":{"line":7,"column":15},"end":{"line":7,"column":16}},"loc":{"start":{"line":7,"column":50},"end":{"line":20,"column":5}}}},"branchMap":{"0":{"loc":{"start":{"line":11,"column":8},"end":{"line":16,"column":9}},"type":"if","locations":[{"start":{"line":11,"column":8},"end":{"line":16,"column":9}}]},"1":{"loc":{"start":{"line":11,"column":11},"end":{"line":11,"column":55}},"type":"binary-expr","locations":[{"start":{"line":11,"column":11},"end":{"line":11,"column":31}},{"start":{"line":11,"column":35},"end":{"line":11,"column":55}}]}},"s":{"0":1,"1":1,"2":1,"3":0,"4":0,"5":0,"6":0,"7":0,"8":1},"f":{"0":0},"b":{"0":[0],"1":[0,0]}}
,"C:\\Users\\kayig\\OneDrive\\Desktop\\Code\\MYBRANDBLAIR\\backend\\src\\utils\\passport.ts": {"path":"C:\\Users\\kayig\\OneDrive\\Desktop\\Code\\MYBRANDBLAIR\\backend\\src\\utils\\passport.ts","statementMap":{"0":{"start":{"line":1,"column":0},"end":{"line":1,"column":32}},"1":{"start":{"line":2,"column":0},"end":{"line":2,"column":81}},"2":{"start":{"line":7,"column":16},"end":{"line":10,"column":null}},"3":{"start":{"line":13,"column":16},"end":{"line":19,"column":3}},"4":{"start":{"line":14,"column":4},"end":{"line":18,"column":5}},"5":{"start":{"line":15,"column":6},"end":{"line":15,"column":36}},"6":{"start":{"line":17,"column":6},"end":{"line":17,"column":18}},"7":{"start":{"line":22,"column":0},"end":{"line":25,"column":null}}},"fnMap":{"0":{"name":"(anonymous_1)","decl":{"start":{"line":13,"column":16},"end":{"line":13,"column":21}},"loc":{"start":{"line":13,"column":46},"end":{"line":19,"column":3}}}},"branchMap":{},"s":{"0":1,"1":1,"2":1,"3":1,"4":0,"5":0,"6":0,"7":1},"f":{"0":0},"b":{}}
,"C:\\Users\\kayig\\OneDrive\\Desktop\\Code\\MYBRANDBLAIR\\backend\\src\\utils\\validation.ts": {"path":"C:\\Users\\kayig\\OneDrive\\Desktop\\Code\\MYBRANDBLAIR\\backend\\src\\utils\\validation.ts","statementMap":{"0":{"start":{"line":1,"column":0},"end":{"line":1,"column":21}},"1":{"start":{"line":8,"column":25},"end":{"line":22,"column":1}},"2":{"start":{"line":9,"column":30},"end":{"line":19,"column":10}},"3":{"start":{"line":21,"column":8},"end":{"line":21,"column":47}},"4":{"start":{"line":89,"column":8},"end":{"line":89,"column":24}},"5":{"start":{"line":27,"column":26},"end":{"line":40,"column":1}},"6":{"start":{"line":28,"column":34},"end":{"line":38,"column":14}},"7":{"start":{"line":39,"column":12},"end":{"line":39,"column":null}},"8":{"start":{"line":89,"column":25},"end":{"line":89,"column":41}},"9":{"start":{"line":45,"column":20},"end":{"line":58,"column":1}},"10":{"start":{"line":46,"column":23},"end":{"line":56,"column":6}},"11":{"start":{"line":57,"column":4},"end":{"line":57,"column":null}},"12":{"start":{"line":89,"column":42},"end":{"line":89,"column":54}},"13":{"start":{"line":62,"column":21},"end":{"line":74,"column":1}},"14":{"start":{"line":63,"column":23},"end":{"line":72,"column":6}},"15":{"start":{"line":73,"column":4},"end":{"line":73,"column":null}},"16":{"start":{"line":89,"column":55},"end":{"line":89,"column":67}},"17":{"start":{"line":76,"column":22},"end":{"line":86,"column":1}},"18":{"start":{"line":77,"column":23},"end":{"line":84,"column":6}},"19":{"start":{"line":85,"column":4},"end":{"line":85,"column":null}},"20":{"start":{"line":89,"column":68},"end":{"line":89,"column":81}}},"fnMap":{"0":{"name":"(anonymous_1)","decl":{"start":{"line":8,"column":25},"end":{"line":8,"column":26}},"loc":{"start":{"line":8,"column":44},"end":{"line":22,"column":1}}},"1":{"name":"(anonymous_2)","decl":{"start":{"line":27,"column":26},"end":{"line":27,"column":27}},"loc":{"start":{"line":27,"column":45},"end":{"line":40,"column":1}}},"2":{"name":"(anonymous_3)","decl":{"start":{"line":45,"column":20},"end":{"line":45,"column":21}},"loc":{"start":{"line":45,"column":33},"end":{"line":58,"column":1}}},"3":{"name":"(anonymous_4)","decl":{"start":{"line":62,"column":21},"end":{"line":62,"column":22}},"loc":{"start":{"line":62,"column":35},"end":{"line":74,"column":1}}},"4":{"name":"(anonymous_5)","decl":{"start":{"line":76,"column":22},"end":{"line":76,"column":23}},"loc":{"start":{"line":76,"column":36},"end":{"line":86,"column":1}}}},"branchMap":{},"s":{"0":1,"1":1,"2":0,"3":0,"4":1,"5":1,"6":0,"7":0,"8":1,"9":1,"10":0,"11":0,"12":1,"13":1,"14":0,"15":0,"16":1,"17":1,"18":0,"19":0,"20":1},"f":{"0":0,"1":0,"2":0,"3":0,"4":0},"b":{}}
}
