TN:
SF:src\app.ts
FNF:0
FNH:0
DA:2,1
DA:4,1
DA:6,1
DA:7,1
DA:8,1
DA:9,1
DA:10,1
DA:13,1
DA:14,1
DA:16,1
DA:22,1
DA:23,1
DA:24,1
DA:25,1
DA:26,1
DA:29,1
DA:33,1
LF:17
LH:17
BRF:0
BRH:0
end_of_record
TN:
SF:src\config.ts
FNF:0
FNH:0
DA:1,0
DA:3,0
LF:2
LH:0
BRF:0
BRH:0
end_of_record
TN:
SF:src\index.ts
FN:22,(anonymous_1)
FN:25,(anonymous_2)
FN:29,(anonymous_3)
FNF:3
FNH:0
FNDA:0,(anonymous_1)
FNDA:0,(anonymous_2)
FNDA:0,(anonymous_3)
DA:2,0
DA:4,0
DA:9,0
DA:10,0
DA:14,0
DA:17,0
DA:18,0
DA:20,0
DA:24,0
DA:25,0
DA:26,0
DA:30,0
DA:31,0
LF:13
LH:0
BRF:0
BRH:0
end_of_record
TN:
SF:src\controllers\authentication.ts
FN:18,(anonymous_1)
FN:54,(anonymous_2)
FN:82,(anonymous_3)
FNF:3
FNH:2
FNDA:1,(anonymous_1)
FNDA:0,(anonymous_2)
FNDA:3,(anonymous_3)
DA:2,1
DA:3,1
DA:6,1
DA:8,1
DA:9,1
DA:13,1
DA:18,1
DA:19,1
DA:21,1
DA:23,1
DA:24,1
DA:28,0
DA:31,0
DA:37,0
DA:39,0
DA:42,0
DA:46,1
DA:54,1
DA:55,0
DA:57,0
DA:59,0
DA:61,0
DA:63,0
DA:65,0
DA:71,0
DA:72,0
DA:75,0
DA:76,0
DA:82,1
DA:83,3
DA:84,3
DA:86,3
DA:88,1
DA:92,2
DA:94,2
DA:95,1
DA:100,1
DA:104,0
DA:105,0
DA:110,1
DA:115,1
LF:41
LH:24
BRDA:23,0,0,1
BRDA:61,1,0,0
BRDA:86,2,0,1
BRDA:94,3,0,1
BRDA:94,3,1,1
BRF:5
BRH:4
end_of_record
TN:
SF:src\controllers\controller.ts
FN:12,(anonymous_0)
FN:23,(anonymous_1)
FN:38,(anonymous_2)
FN:59,(anonymous_3)
FN:61,(anonymous_4)
FN:109,(anonymous_5)
FNF:6
FNH:2
FNDA:1,(anonymous_0)
FNDA:2,(anonymous_1)
FNDA:0,(anonymous_2)
FNDA:0,(anonymous_3)
FNDA:0,(anonymous_4)
FNDA:0,(anonymous_5)
DA:1,1
DA:3,1
DA:4,1
DA:5,1
DA:6,1
DA:12,1
DA:13,1
DA:14,1
DA:15,0
DA:18,1
DA:23,1
DA:24,2
DA:25,2
DA:26,2
DA:27,1
DA:29,1
DA:31,0
DA:32,0
DA:38,1
DA:39,0
DA:40,0
DA:42,0
DA:44,0
DA:46,0
DA:47,0
DA:49,0
DA:52,0
DA:59,1
DA:60,0
DA:61,0
DA:62,0
DA:63,0
DA:65,0
DA:67,0
DA:69,0
DA:71,0
DA:73,0
DA:74,0
DA:76,0
DA:77,0
DA:79,0
DA:86,0
DA:89,0
DA:92,0
DA:94,0
DA:97,0
DA:98,0
DA:102,0
DA:103,0
DA:109,1
DA:110,0
DA:111,0
DA:113,0
DA:115,0
DA:116,0
DA:117,0
DA:120,0
DA:121,0
DA:123,0
DA:124,0
DA:130,1
LF:61
LH:19
BRDA:14,0,0,0
BRDA:26,1,0,1
BRDA:46,2,0,0
BRDA:63,3,0,0
BRDA:65,4,0,0
BRDA:76,5,0,0
BRDA:76,5,1,0
BRDA:115,6,0,0
BRF:8
BRH:1
end_of_record
TN:
SF:src\controllers\controllerComment.ts
FN:7,(anonymous_0)
FN:27,(anonymous_1)
FNF:2
FNH:2
FNDA:1,(anonymous_0)
FNDA:1,(anonymous_1)
DA:1,1
DA:2,1
DA:7,1
DA:8,1
DA:9,1
DA:11,1
DA:12,1
DA:13,0
DA:16,1
DA:17,1
DA:19,0
DA:20,0
DA:27,1
DA:28,1
DA:29,1
DA:30,1
DA:31,1
DA:33,1
DA:34,0
DA:36,1
DA:43,1
DA:45,1
DA:47,0
DA:48,0
DA:51,1
LF:25
LH:19
BRDA:12,0,0,0
BRDA:33,1,0,0
BRF:2
BRH:0
end_of_record
TN:
SF:src\controllers\likeController.ts
FN:7,(anonymous_0)
FN:32,(anonymous_1)
FN:49,(anonymous_2)
FNF:3
FNH:3
FNDA:1,(anonymous_0)
FNDA:2,(anonymous_1)
FNDA:2,(anonymous_2)
DA:2,1
DA:5,1
DA:7,1
DA:8,1
DA:9,1
DA:10,1
DA:12,1
DA:13,0
DA:16,1
DA:18,1
DA:19,0
DA:22,1
DA:24,1
DA:26,0
DA:30,1
DA:32,2
DA:34,1
DA:35,0
DA:36,0
DA:37,0
DA:39,1
DA:40,1
DA:41,1
DA:44,0
DA:45,0
DA:49,1
DA:50,2
DA:51,2
DA:52,2
DA:53,2
DA:55,2
DA:56,0
DA:59,2
DA:60,2
DA:63,0
DA:64,0
DA:70,1
LF:37
LH:26
BRDA:12,0,0,0
BRDA:18,1,0,0
BRDA:24,2,0,0
BRDA:34,3,0,0
BRDA:34,3,1,1
BRDA:55,4,0,0
BRF:6
BRH:1
end_of_record
TN:
SF:src\controllers\queryController.ts
FN:5,(anonymous_0)
FN:11,(anonymous_1)
FNF:2
FNH:2
FNDA:1,(anonymous_0)
FNDA:1,(anonymous_1)
DA:2,1
DA:5,1
DA:6,1
DA:7,1
DA:11,1
DA:13,1
DA:14,1
DA:19,1
DA:20,1
DA:23,0
DA:28,1
LF:11
LH:10
BRF:0
BRH:0
end_of_record
TN:
SF:src\middlewares\checkAuth.ts
FN:12,(anonymous_1)
FN:14,(anonymous_2)
FN:26,(anonymous_3)
FN:28,(anonymous_4)
FNF:4
FNH:4
FNDA:2,(anonymous_1)
FNDA:2,(anonymous_2)
FNDA:1,(anonymous_3)
FNDA:1,(anonymous_4)
DA:2,1
DA:12,1
DA:14,2
DA:16,2
DA:17,0
DA:19,2
DA:20,2
DA:26,1
DA:28,1
DA:30,1
DA:31,0
DA:34,1
DA:35,0
DA:38,1
DA:46,1
LF:15
LH:12
BRDA:16,0,0,0
BRDA:30,1,0,0
BRDA:34,2,0,0
BRF:3
BRH:0
end_of_record
TN:
SF:src\middlewares\valid.ts
FN:7,(anonymous_0)
FN:21,(anonymous_1)
FN:37,(anonymous_2)
FN:51,(anonymous_3)
FNF:4
FNH:3
FNDA:0,(anonymous_0)
FNDA:5,(anonymous_1)
FNDA:1,(anonymous_2)
FNDA:1,(anonymous_3)
DA:2,1
DA:3,1
DA:4,1
DA:7,1
DA:8,0
DA:9,0
DA:10,0
DA:11,0
DA:13,0
DA:15,0
DA:16,0
DA:21,1
DA:22,5
DA:23,5
DA:24,5
DA:25,1
DA:27,4
DA:29,0
DA:30,0
DA:37,1
DA:38,1
DA:39,1
DA:40,1
DA:41,0
DA:43,1
DA:45,0
DA:46,0
DA:51,1
DA:52,1
DA:53,1
DA:55,1
DA:56,0
DA:57,0
DA:59,1
DA:61,0
DA:62,0
DA:67,1
LF:37
LH:21
BRDA:10,0,0,0
BRDA:24,1,0,1
BRDA:40,2,0,0
BRDA:55,3,0,0
BRF:4
BRH:1
end_of_record
TN:
SF:src\models\authModel.ts
FNF:0
FNH:0
DA:2,1
DA:6,1
DA:26,1
LF:3
LH:3
BRF:0
BRH:0
end_of_record
TN:
SF:src\models\blog.ts
FNF:0
FNH:0
DA:1,1
DA:4,1
DA:18,1
LF:3
LH:3
BRF:0
BRH:0
end_of_record
TN:
SF:src\models\comment.ts
FNF:0
FNH:0
DA:1,1
DA:4,1
DA:26,1
LF:3
LH:3
BRF:0
BRH:0
end_of_record
TN:
SF:src\models\query.ts
FNF:0
FNH:0
DA:1,1
DA:4,1
DA:16,1
LF:3
LH:3
BRF:0
BRH:0
end_of_record
TN:
SF:src\routers\routes.ts
FN:68,(anonymous_1)
FN:76,(anonymous_2)
FN:83,(anonymous_3)
FN:85,(anonymous_4)
FNF:4
FNH:2
FNDA:0,(anonymous_1)
FNDA:0,(anonymous_2)
FNDA:3,(anonymous_3)
FNDA:3,(anonymous_4)
DA:1,1
DA:2,1
DA:3,1
DA:4,1
DA:5,1
DA:6,1
DA:7,1
DA:8,1
DA:10,1
DA:11,1
DA:12,1
DA:13,1
DA:16,1
DA:21,1
DA:25,1
DA:30,1
DA:33,1
DA:36,1
DA:42,1
DA:45,1
DA:51,1
DA:54,1
DA:60,1
DA:61,1
DA:66,1
DA:69,0
DA:73,1
DA:77,0
DA:83,1
DA:85,3
DA:86,3
DA:88,0
DA:93,3
DA:95,2
DA:100,1
DA:102,1
DA:104,1
DA:115,1
LF:38
LH:35
BRDA:86,0,0,0
BRDA:93,1,0,2
BRF:2
BRH:1
end_of_record
TN:
SF:src\utils\cloudinary.ts
FN:15,(anonymous_1)
FNF:1
FNH:0
FNDA:0,(anonymous_1)
DA:1,1
DA:2,1
DA:5,1
DA:8,1
DA:15,1
LF:5
LH:5
BRF:0
BRH:0
end_of_record
TN:
SF:src\utils\jwt.ts
FN:17,(anonymous_1)
FNF:1
FNH:0
FNDA:0,(anonymous_1)
DA:10,1
DA:17,1
DA:18,0
DA:20,0
DA:24,0
DA:26,0
DA:31,1
LF:7
LH:3
BRF:0
BRH:0
end_of_record
TN:
SF:src\utils\multer.ts
FN:7,(anonymous_1)
FNF:1
FNH:0
FNDA:0,(anonymous_1)
DA:1,1
DA:2,1
DA:4,1
DA:9,0
DA:11,0
DA:13,0
DA:15,0
DA:18,0
DA:25,1
LF:9
LH:4
BRDA:11,0,0,0
BRDA:11,1,0,0
BRDA:11,1,1,0
BRF:3
BRH:0
end_of_record
TN:
SF:src\utils\passport.ts
FN:13,(anonymous_1)
FNF:1
FNH:1
FNDA:3,(anonymous_1)
DA:1,1
DA:2,1
DA:7,1
DA:13,1
DA:14,3
DA:15,3
DA:17,0
DA:22,1
LF:8
LH:7
BRF:0
BRH:0
end_of_record
TN:
SF:src\utils\validation.ts
FN:8,(anonymous_1)
FN:27,(anonymous_2)
FN:45,(anonymous_3)
FN:62,(anonymous_4)
FN:76,(anonymous_5)
FNF:5
FNH:3
FNDA:1,(anonymous_1)
FNDA:1,(anonymous_2)
FNDA:0,(anonymous_3)
FNDA:0,(anonymous_4)
FNDA:5,(anonymous_5)
DA:1,1
DA:8,1
DA:9,1
DA:21,1
DA:27,1
DA:28,1
DA:39,1
DA:45,1
DA:46,0
DA:57,0
DA:62,1
DA:63,0
DA:73,0
DA:76,1
DA:77,5
DA:85,5
DA:89,1
LF:17
LH:13
BRF:0
BRH:0
end_of_record
